

Microchip Technology PIC18 LITE Macro Assembler V2.00 build -1524193055 
                                                                                               Tue Jul 17 10:36:45 2018

Microchip Technology Omniscient Code Generator v2.00 (Free mode) build 20180527130849
     1  0000                     
     2                           ; Version 2.00
     3                           ; Generated 27/05/2018 GMT
     4                           
     5                           ; 
     6                           ; Copyright © 2018, Microchip Technology Inc. and its subsidiaries ("Microchip")
     7                           ; All rights reserved.
     8                           ; 
     9                           ; This software is developed by Microchip Technology Inc. and its subsidiaries ("Microch
                                 ip").
    10                           ; 
    11                           ; Redistribution and use in source and binary forms, with or without modification, are
    12                           ; permitted provided that the following conditions are met:
    13                           ; 
    14                           ;     1. Redistributions of source code must retain the above copyright notice, this lis
                                 t of
    15                           ;        conditions and the following disclaimer.
    16                           ; 
    17                           ;     2. Redistributions in binary form must reproduce the above copyright notice, this 
                                 list
    18                           ;        of conditions and the following disclaimer in the documentation and/or other
    19                           ;        materials provided with the distribution.
    20                           ; 
    21                           ;     3. Microchip's name may not be used to endorse or promote products derived from th
                                 is
    22                           ;        software without specific prior written permission.
    23                           ; 
    24                           ; THIS SOFTWARE IS PROVIDED BY MICROCHIP "AS IS" AND ANY EXPRESS OR IMPLIED WARRANTIES,

    25                           ; INCLUDING, BUT NOT LIMITED TO, THE IMPLIED WARRANTIES OF MERCHANTABILITY AND FITNESS F
                                 OR
    26                           ; PURPOSE ARE DISCLAIMED.  IN NO EVENT SHALL MICROCHIP BE LIABLE FOR ANY DIRECT, INDIREC
                                 T,
    27                           ; INCIDENTAL, SPECIAL, EXEMPLARY, OR CONSEQUENTIAL DAMAGES (INCLUDING BUT NOT LIMITED TO
                                 
    28                           ; PROCUREMENT OF SUBSTITUTE GOODS OR SERVICES; LOSS OF USE, DATA OR PROFITS; OR BUSINESS
                                 
    29                           ; INTERRUPTION) HOWSOEVER CAUSED AND ON ANY THEORY OF LIABILITY, WHETHER IN CONTRACT, ST
                                 RICT
    30                           ; LIABILITY, OR TORT (INCLUDING NEGLIGENCE OR OTHERWISE) ARISING IN ANY WAY OUT OF THE U
                                 SE OF
    31                           ; THIS SOFTWARE, EVEN IF ADVISED OF THE POSSIBILITY OF SUCH DAMAGE.
    32                           ; 
    33                           
    34                           
    35                           ; 
    36                           ; Code-generator required, PIC18F4550 Definitions
    37                           ; 
    38  0000                     fsr0 equ 0FE9h
    39  0000                     fsr0h equ 0FEAh
    40  0000                     fsr0l equ 0FE9h
    41  0000                     fsr1 equ 0FE1h
    42  0000                     fsr1h equ 0FE2h
    43  0000                     fsr1l equ 0FE1h
    44  0000                     fsr2 equ 0FD9h
    45  0000                     fsr2h equ 0FDAh
    46  0000                     fsr2l equ 0FD9h
    47  0000                     indf0 equ 0FEFh
    48  0000                     indf1 equ 0FE7h
    49  0000                     indf2 equ 0FDFh
    50  0000                     intcon equ 0FF2h
    51  0000                     nvmcon equ 00h
    52  0000                     pcl equ 0FF9h
    53  0000                     pclath equ 0FFAh
    54  0000                     pclatu equ 0FFBh
    55  0000                     plusw0 equ 0FEBh
    56  0000                     plusw1 equ 0FE3h
    57  0000                     plusw2 equ 0FDBh
    58  0000                     postdec0 equ 0FEDh
    59  0000                     postdec1 equ 0FE5h
    60  0000                     postdec2 equ 0FDDh
    61  0000                     postinc0 equ 0FEEh
    62  0000                     postinc1 equ 0FE6h
    63  0000                     postinc2 equ 0FDEh
    64  0000                     preinc0 equ 0FECh
    65  0000                     preinc1 equ 0FE4h
    66  0000                     preinc2 equ 0FDCh
    67  0000                     prod equ 0FF3h
    68  0000                     prodh equ 0FF4h
    69  0000                     prodl equ 0FF3h
    70  0000                     status equ 0FD8h
    71  0000                     tablat equ 0FF5h
    72  0000                     tblptr equ 0FF6h
    73  0000                     tblptrh equ 0FF7h
    74  0000                     tblptrl equ 0FF6h
    75  0000                     tblptru equ 0FF8h
    76  0000                     tosl equ 0FFDh
    77  0000                     wreg equ 0FE8h
    78  0000                     
     2                           opt pagewidth 120
     3  0000                     byte0	macro	val
     4                           	(getbyte(val,0))
     5                           endm
     6  0000                     byte1	macro	val
     7                           	(getbyte(val,1))
     8                           endm
     9  0000                     byte2	macro	val
    10                           	(getbyte(val,2))
    11                           endm
    12  0000                     byte3	macro	val
    13                           	(getbyte(val,3))
    14                           endm
    15  0000                     byte4	macro	val
    16                           	(getbyte(val,4))
    17                           endm
    18  0000                     byte5	macro	val
    19                           	(getbyte(val,5))
    20                           endm
    21  0000                     byte6	macro	val
    22                           	(getbyte(val,6))
    23                           endm
    24  0000                     byte7	macro	val
    25                           	(getbyte(val,7))
    26                           endm
    27  0000                     getword	macro	val,pos
    28                           	(((val) >> (8 * pos)) and 0xffff)
    29                           endm
    30  0000                     word0	macro	val
    31                           	(getword(val,0))
    32                           endm
    33  0000                     word1	macro	val
    34                           	(getword(val,2))
    35                           endm
    36  0000                     word2	macro	val
    37                           	(getword(val,4))
    38                           endm
    39  0000                     word3	macro	val
    40                           	(getword(val,6))
    41                           endm
    42  0000                     gettword	macro	val,pos
    43                           	(((val) >> (8 * pos)) and 0xffffff)
    44                           endm
    45  0000                     tword0	macro	val
    46                           	(gettword(val,0))
    47                           endm
    48  0000                     tword1	macro	val
    49                           	(gettword(val,3))
    50                           endm
    51  0000                     tword2	macro	val
    52                           	(gettword(val,6))
    53                           endm
    54  0000                     getdword	macro	val,pos
    55                           	(((val) >> (8 * pos)) and 0xffffffff)
    56                           endm
    57  0000                     dword0	macro	val
    58                           	(getdword(val,0))
    59                           endm
    60  0000                     dword1	macro	val
    61                           	(getdword(val,4))
    62                           endm
    63  0000                     clrc   macro
    64                           	bcf	status,0
    65                           endm
    66  0000                     setc   macro
    67                           	bsf	status,0
    68                           endm
    69  0000                     clrz   macro
    70                           	bcf	status,2
    71                           endm
    72  0000                     setz   macro
    73                           	bsf	status,2
    74                           endm
    75  0000                     skipnz macro
    76                           	btfsc	status,2
    77                           endm
    78  0000                     skipz  macro
    79                           	btfss	status,2
    80                           endm
    81  0000                     skipnc macro
    82                           	btfsc	status,0
    83                           endm
    84  0000                     skipc  macro
    85                           	btfss	status,0
    86                           endm
    87  0000                     pushw macro
    88                           	movwf postinc1
    89                           endm
    90  0000                     pushf macro arg1
    91                           	movff arg1, postinc1
    92                           endm
    93  0000                     popw macro
    94                           	movf postdec1,f
    95                           	movf indf1,w
    96                           endm
    97  0000                     popf macro arg1
    98                           	movf postdec1,f
    99                           	movff indf1,arg1
   100                           endm
   101  0000                     popfc macro arg1
   102                           	movff plusw1,arg1
   103                           	decfsz fsr1,f
   104                           endm
   105  0000                     	global	__ramtop
   106                           	global	__accesstop
   107                           # 54 "C:\Program Files (x86)\Microchip\xc8\v2.00\pic\include\pic18f4550.h"
   108                           SPPDATA equ 0F62h ;# 
   109  0000                     # 74 "C:\Program Files (x86)\Microchip\xc8\v2.00\pic\include\pic18f4550.h"
   110                           SPPCFG equ 0F63h ;# 
   111  0000                     # 151 "C:\Program Files (x86)\Microchip\xc8\v2.00\pic\include\pic18f4550.h"
   112                           SPPEPS equ 0F64h ;# 
   113  0000                     # 225 "C:\Program Files (x86)\Microchip\xc8\v2.00\pic\include\pic18f4550.h"
   114                           SPPCON equ 0F65h ;# 
   115  0000                     # 251 "C:\Program Files (x86)\Microchip\xc8\v2.00\pic\include\pic18f4550.h"
   116                           UFRM equ 0F66h ;# 
   117  0000                     # 258 "C:\Program Files (x86)\Microchip\xc8\v2.00\pic\include\pic18f4550.h"
   118                           UFRML equ 0F66h ;# 
   119  0000                     # 336 "C:\Program Files (x86)\Microchip\xc8\v2.00\pic\include\pic18f4550.h"
   120                           UFRMH equ 0F67h ;# 
   121  0000                     # 376 "C:\Program Files (x86)\Microchip\xc8\v2.00\pic\include\pic18f4550.h"
   122                           UIR equ 0F68h ;# 
   123  0000                     # 432 "C:\Program Files (x86)\Microchip\xc8\v2.00\pic\include\pic18f4550.h"
   124                           UIE equ 0F69h ;# 
   125  0000                     # 488 "C:\Program Files (x86)\Microchip\xc8\v2.00\pic\include\pic18f4550.h"
   126                           UEIR equ 0F6Ah ;# 
   127  0000                     # 539 "C:\Program Files (x86)\Microchip\xc8\v2.00\pic\include\pic18f4550.h"
   128                           UEIE equ 0F6Bh ;# 
   129  0000                     # 590 "C:\Program Files (x86)\Microchip\xc8\v2.00\pic\include\pic18f4550.h"
   130                           USTAT equ 0F6Ch ;# 
   131  0000                     # 650 "C:\Program Files (x86)\Microchip\xc8\v2.00\pic\include\pic18f4550.h"
   132                           UCON equ 0F6Dh ;# 
   133  0000                     # 701 "C:\Program Files (x86)\Microchip\xc8\v2.00\pic\include\pic18f4550.h"
   134                           UADDR equ 0F6Eh ;# 
   135  0000                     # 765 "C:\Program Files (x86)\Microchip\xc8\v2.00\pic\include\pic18f4550.h"
   136                           UCFG equ 0F6Fh ;# 
   137  0000                     # 844 "C:\Program Files (x86)\Microchip\xc8\v2.00\pic\include\pic18f4550.h"
   138                           UEP0 equ 0F70h ;# 
   139  0000                     # 952 "C:\Program Files (x86)\Microchip\xc8\v2.00\pic\include\pic18f4550.h"
   140                           UEP1 equ 0F71h ;# 
   141  0000                     # 1060 "C:\Program Files (x86)\Microchip\xc8\v2.00\pic\include\pic18f4550.h"
   142                           UEP2 equ 0F72h ;# 
   143  0000                     # 1168 "C:\Program Files (x86)\Microchip\xc8\v2.00\pic\include\pic18f4550.h"
   144                           UEP3 equ 0F73h ;# 
   145  0000                     # 1276 "C:\Program Files (x86)\Microchip\xc8\v2.00\pic\include\pic18f4550.h"
   146                           UEP4 equ 0F74h ;# 
   147  0000                     # 1384 "C:\Program Files (x86)\Microchip\xc8\v2.00\pic\include\pic18f4550.h"
   148                           UEP5 equ 0F75h ;# 
   149  0000                     # 1492 "C:\Program Files (x86)\Microchip\xc8\v2.00\pic\include\pic18f4550.h"
   150                           UEP6 equ 0F76h ;# 
   151  0000                     # 1600 "C:\Program Files (x86)\Microchip\xc8\v2.00\pic\include\pic18f4550.h"
   152                           UEP7 equ 0F77h ;# 
   153  0000                     # 1708 "C:\Program Files (x86)\Microchip\xc8\v2.00\pic\include\pic18f4550.h"
   154                           UEP8 equ 0F78h ;# 
   155  0000                     # 1784 "C:\Program Files (x86)\Microchip\xc8\v2.00\pic\include\pic18f4550.h"
   156                           UEP9 equ 0F79h ;# 
   157  0000                     # 1860 "C:\Program Files (x86)\Microchip\xc8\v2.00\pic\include\pic18f4550.h"
   158                           UEP10 equ 0F7Ah ;# 
   159  0000                     # 1936 "C:\Program Files (x86)\Microchip\xc8\v2.00\pic\include\pic18f4550.h"
   160                           UEP11 equ 0F7Bh ;# 
   161  0000                     # 2012 "C:\Program Files (x86)\Microchip\xc8\v2.00\pic\include\pic18f4550.h"
   162                           UEP12 equ 0F7Ch ;# 
   163  0000                     # 2088 "C:\Program Files (x86)\Microchip\xc8\v2.00\pic\include\pic18f4550.h"
   164                           UEP13 equ 0F7Dh ;# 
   165  0000                     # 2164 "C:\Program Files (x86)\Microchip\xc8\v2.00\pic\include\pic18f4550.h"
   166                           UEP14 equ 0F7Eh ;# 
   167  0000                     # 2240 "C:\Program Files (x86)\Microchip\xc8\v2.00\pic\include\pic18f4550.h"
   168                           UEP15 equ 0F7Fh ;# 
   169  0000                     # 2316 "C:\Program Files (x86)\Microchip\xc8\v2.00\pic\include\pic18f4550.h"
   170                           PORTA equ 0F80h ;# 
   171  0000                     # 2455 "C:\Program Files (x86)\Microchip\xc8\v2.00\pic\include\pic18f4550.h"
   172                           PORTB equ 0F81h ;# 
   173  0000                     # 2565 "C:\Program Files (x86)\Microchip\xc8\v2.00\pic\include\pic18f4550.h"
   174                           PORTC equ 0F82h ;# 
   175  0000                     # 2707 "C:\Program Files (x86)\Microchip\xc8\v2.00\pic\include\pic18f4550.h"
   176                           PORTD equ 0F83h ;# 
   177  0000                     # 2828 "C:\Program Files (x86)\Microchip\xc8\v2.00\pic\include\pic18f4550.h"
   178                           PORTE equ 0F84h ;# 
   179  0000                     # 2975 "C:\Program Files (x86)\Microchip\xc8\v2.00\pic\include\pic18f4550.h"
   180                           LATA equ 0F89h ;# 
   181  0000                     # 3075 "C:\Program Files (x86)\Microchip\xc8\v2.00\pic\include\pic18f4550.h"
   182                           LATB equ 0F8Ah ;# 
   183  0000                     # 3187 "C:\Program Files (x86)\Microchip\xc8\v2.00\pic\include\pic18f4550.h"
   184                           LATC equ 0F8Bh ;# 
   185  0000                     # 3265 "C:\Program Files (x86)\Microchip\xc8\v2.00\pic\include\pic18f4550.h"
   186                           LATD equ 0F8Ch ;# 
   187  0000                     # 3377 "C:\Program Files (x86)\Microchip\xc8\v2.00\pic\include\pic18f4550.h"
   188                           LATE equ 0F8Dh ;# 
   189  0000                     # 3429 "C:\Program Files (x86)\Microchip\xc8\v2.00\pic\include\pic18f4550.h"
   190                           TRISA equ 0F92h ;# 
   191  0000                     # 3434 "C:\Program Files (x86)\Microchip\xc8\v2.00\pic\include\pic18f4550.h"
   192                           DDRA equ 0F92h ;# 
   193  0000                     # 3627 "C:\Program Files (x86)\Microchip\xc8\v2.00\pic\include\pic18f4550.h"
   194                           TRISB equ 0F93h ;# 
   195  0000                     # 3632 "C:\Program Files (x86)\Microchip\xc8\v2.00\pic\include\pic18f4550.h"
   196                           DDRB equ 0F93h ;# 
   197  0000                     # 3849 "C:\Program Files (x86)\Microchip\xc8\v2.00\pic\include\pic18f4550.h"
   198                           TRISC equ 0F94h ;# 
   199  0000                     # 3854 "C:\Program Files (x86)\Microchip\xc8\v2.00\pic\include\pic18f4550.h"
   200                           DDRC equ 0F94h ;# 
   201  0000                     # 4003 "C:\Program Files (x86)\Microchip\xc8\v2.00\pic\include\pic18f4550.h"
   202                           TRISD equ 0F95h ;# 
   203  0000                     # 4008 "C:\Program Files (x86)\Microchip\xc8\v2.00\pic\include\pic18f4550.h"
   204                           DDRD equ 0F95h ;# 
   205  0000                     # 4225 "C:\Program Files (x86)\Microchip\xc8\v2.00\pic\include\pic18f4550.h"
   206                           TRISE equ 0F96h ;# 
   207  0000                     # 4230 "C:\Program Files (x86)\Microchip\xc8\v2.00\pic\include\pic18f4550.h"
   208                           DDRE equ 0F96h ;# 
   209  0000                     # 4327 "C:\Program Files (x86)\Microchip\xc8\v2.00\pic\include\pic18f4550.h"
   210                           OSCTUNE equ 0F9Bh ;# 
   211  0000                     # 4386 "C:\Program Files (x86)\Microchip\xc8\v2.00\pic\include\pic18f4550.h"
   212                           PIE1 equ 0F9Dh ;# 
   213  0000                     # 4470 "C:\Program Files (x86)\Microchip\xc8\v2.00\pic\include\pic18f4550.h"
   214                           PIR1 equ 0F9Eh ;# 
   215  0000                     # 4554 "C:\Program Files (x86)\Microchip\xc8\v2.00\pic\include\pic18f4550.h"
   216                           IPR1 equ 0F9Fh ;# 
   217  0000                     # 4638 "C:\Program Files (x86)\Microchip\xc8\v2.00\pic\include\pic18f4550.h"
   218                           PIE2 equ 0FA0h ;# 
   219  0000                     # 4709 "C:\Program Files (x86)\Microchip\xc8\v2.00\pic\include\pic18f4550.h"
   220                           PIR2 equ 0FA1h ;# 
   221  0000                     # 4780 "C:\Program Files (x86)\Microchip\xc8\v2.00\pic\include\pic18f4550.h"
   222                           IPR2 equ 0FA2h ;# 
   223  0000                     # 4851 "C:\Program Files (x86)\Microchip\xc8\v2.00\pic\include\pic18f4550.h"
   224                           EECON1 equ 0FA6h ;# 
   225  0000                     # 4917 "C:\Program Files (x86)\Microchip\xc8\v2.00\pic\include\pic18f4550.h"
   226                           EECON2 equ 0FA7h ;# 
   227  0000                     # 4924 "C:\Program Files (x86)\Microchip\xc8\v2.00\pic\include\pic18f4550.h"
   228                           EEDATA equ 0FA8h ;# 
   229  0000                     # 4931 "C:\Program Files (x86)\Microchip\xc8\v2.00\pic\include\pic18f4550.h"
   230                           EEADR equ 0FA9h ;# 
   231  0000                     # 4938 "C:\Program Files (x86)\Microchip\xc8\v2.00\pic\include\pic18f4550.h"
   232                           RCSTA equ 0FABh ;# 
   233  0000                     # 4943 "C:\Program Files (x86)\Microchip\xc8\v2.00\pic\include\pic18f4550.h"
   234                           RCSTA1 equ 0FABh ;# 
   235  0000                     # 5148 "C:\Program Files (x86)\Microchip\xc8\v2.00\pic\include\pic18f4550.h"
   236                           TXSTA equ 0FACh ;# 
   237  0000                     # 5153 "C:\Program Files (x86)\Microchip\xc8\v2.00\pic\include\pic18f4550.h"
   238                           TXSTA1 equ 0FACh ;# 
   239  0000                     # 5404 "C:\Program Files (x86)\Microchip\xc8\v2.00\pic\include\pic18f4550.h"
   240                           TXREG equ 0FADh ;# 
   241  0000                     # 5409 "C:\Program Files (x86)\Microchip\xc8\v2.00\pic\include\pic18f4550.h"
   242                           TXREG1 equ 0FADh ;# 
   243  0000                     # 5416 "C:\Program Files (x86)\Microchip\xc8\v2.00\pic\include\pic18f4550.h"
   244                           RCREG equ 0FAEh ;# 
   245  0000                     # 5421 "C:\Program Files (x86)\Microchip\xc8\v2.00\pic\include\pic18f4550.h"
   246                           RCREG1 equ 0FAEh ;# 
   247  0000                     # 5428 "C:\Program Files (x86)\Microchip\xc8\v2.00\pic\include\pic18f4550.h"
   248                           SPBRG equ 0FAFh ;# 
   249  0000                     # 5433 "C:\Program Files (x86)\Microchip\xc8\v2.00\pic\include\pic18f4550.h"
   250                           SPBRG1 equ 0FAFh ;# 
   251  0000                     # 5440 "C:\Program Files (x86)\Microchip\xc8\v2.00\pic\include\pic18f4550.h"
   252                           SPBRGH equ 0FB0h ;# 
   253  0000                     # 5447 "C:\Program Files (x86)\Microchip\xc8\v2.00\pic\include\pic18f4550.h"
   254                           T3CON equ 0FB1h ;# 
   255  0000                     # 5568 "C:\Program Files (x86)\Microchip\xc8\v2.00\pic\include\pic18f4550.h"
   256                           TMR3 equ 0FB2h ;# 
   257  0000                     # 5575 "C:\Program Files (x86)\Microchip\xc8\v2.00\pic\include\pic18f4550.h"
   258                           TMR3L equ 0FB2h ;# 
   259  0000                     # 5582 "C:\Program Files (x86)\Microchip\xc8\v2.00\pic\include\pic18f4550.h"
   260                           TMR3H equ 0FB3h ;# 
   261  0000                     # 5589 "C:\Program Files (x86)\Microchip\xc8\v2.00\pic\include\pic18f4550.h"
   262                           CMCON equ 0FB4h ;# 
   263  0000                     # 5679 "C:\Program Files (x86)\Microchip\xc8\v2.00\pic\include\pic18f4550.h"
   264                           CVRCON equ 0FB5h ;# 
   265  0000                     # 5764 "C:\Program Files (x86)\Microchip\xc8\v2.00\pic\include\pic18f4550.h"
   266                           ECCP1AS equ 0FB6h ;# 
   267  0000                     # 5769 "C:\Program Files (x86)\Microchip\xc8\v2.00\pic\include\pic18f4550.h"
   268                           CCP1AS equ 0FB6h ;# 
   269  0000                     # 5926 "C:\Program Files (x86)\Microchip\xc8\v2.00\pic\include\pic18f4550.h"
   270                           ECCP1DEL equ 0FB7h ;# 
   271  0000                     # 5931 "C:\Program Files (x86)\Microchip\xc8\v2.00\pic\include\pic18f4550.h"
   272                           CCP1DEL equ 0FB7h ;# 
   273  0000                     # 6064 "C:\Program Files (x86)\Microchip\xc8\v2.00\pic\include\pic18f4550.h"
   274                           BAUDCON equ 0FB8h ;# 
   275  0000                     # 6069 "C:\Program Files (x86)\Microchip\xc8\v2.00\pic\include\pic18f4550.h"
   276                           BAUDCTL equ 0FB8h ;# 
   277  0000                     # 6244 "C:\Program Files (x86)\Microchip\xc8\v2.00\pic\include\pic18f4550.h"
   278                           CCP2CON equ 0FBAh ;# 
   279  0000                     # 6308 "C:\Program Files (x86)\Microchip\xc8\v2.00\pic\include\pic18f4550.h"
   280                           CCPR2 equ 0FBBh ;# 
   281  0000                     # 6315 "C:\Program Files (x86)\Microchip\xc8\v2.00\pic\include\pic18f4550.h"
   282                           CCPR2L equ 0FBBh ;# 
   283  0000                     # 6322 "C:\Program Files (x86)\Microchip\xc8\v2.00\pic\include\pic18f4550.h"
   284                           CCPR2H equ 0FBCh ;# 
   285  0000                     # 6329 "C:\Program Files (x86)\Microchip\xc8\v2.00\pic\include\pic18f4550.h"
   286                           CCP1CON equ 0FBDh ;# 
   287  0000                     # 6334 "C:\Program Files (x86)\Microchip\xc8\v2.00\pic\include\pic18f4550.h"
   288                           ECCP1CON equ 0FBDh ;# 
   289  0000                     # 6491 "C:\Program Files (x86)\Microchip\xc8\v2.00\pic\include\pic18f4550.h"
   290                           CCPR1 equ 0FBEh ;# 
   291  0000                     # 6498 "C:\Program Files (x86)\Microchip\xc8\v2.00\pic\include\pic18f4550.h"
   292                           CCPR1L equ 0FBEh ;# 
   293  0000                     # 6505 "C:\Program Files (x86)\Microchip\xc8\v2.00\pic\include\pic18f4550.h"
   294                           CCPR1H equ 0FBFh ;# 
   295  0000                     # 6512 "C:\Program Files (x86)\Microchip\xc8\v2.00\pic\include\pic18f4550.h"
   296                           ADCON2 equ 0FC0h ;# 
   297  0000                     # 6583 "C:\Program Files (x86)\Microchip\xc8\v2.00\pic\include\pic18f4550.h"
   298                           ADCON1 equ 0FC1h ;# 
   299  0000                     # 6668 "C:\Program Files (x86)\Microchip\xc8\v2.00\pic\include\pic18f4550.h"
   300                           ADCON0 equ 0FC2h ;# 
   301  0000                     # 6787 "C:\Program Files (x86)\Microchip\xc8\v2.00\pic\include\pic18f4550.h"
   302                           ADRES equ 0FC3h ;# 
   303  0000                     # 6794 "C:\Program Files (x86)\Microchip\xc8\v2.00\pic\include\pic18f4550.h"
   304                           ADRESL equ 0FC3h ;# 
   305  0000                     # 6801 "C:\Program Files (x86)\Microchip\xc8\v2.00\pic\include\pic18f4550.h"
   306                           ADRESH equ 0FC4h ;# 
   307  0000                     # 6808 "C:\Program Files (x86)\Microchip\xc8\v2.00\pic\include\pic18f4550.h"
   308                           SSPCON2 equ 0FC5h ;# 
   309  0000                     # 6870 "C:\Program Files (x86)\Microchip\xc8\v2.00\pic\include\pic18f4550.h"
   310                           SSPCON1 equ 0FC6h ;# 
   311  0000                     # 6940 "C:\Program Files (x86)\Microchip\xc8\v2.00\pic\include\pic18f4550.h"
   312                           SSPSTAT equ 0FC7h ;# 
   313  0000                     # 7188 "C:\Program Files (x86)\Microchip\xc8\v2.00\pic\include\pic18f4550.h"
   314                           SSPADD equ 0FC8h ;# 
   315  0000                     # 7195 "C:\Program Files (x86)\Microchip\xc8\v2.00\pic\include\pic18f4550.h"
   316                           SSPBUF equ 0FC9h ;# 
   317  0000                     # 7202 "C:\Program Files (x86)\Microchip\xc8\v2.00\pic\include\pic18f4550.h"
   318                           T2CON equ 0FCAh ;# 
   319  0000                     # 7300 "C:\Program Files (x86)\Microchip\xc8\v2.00\pic\include\pic18f4550.h"
   320                           PR2 equ 0FCBh ;# 
   321  0000                     # 7305 "C:\Program Files (x86)\Microchip\xc8\v2.00\pic\include\pic18f4550.h"
   322                           MEMCON equ 0FCBh ;# 
   323  0000                     # 7410 "C:\Program Files (x86)\Microchip\xc8\v2.00\pic\include\pic18f4550.h"
   324                           TMR2 equ 0FCCh ;# 
   325  0000                     # 7417 "C:\Program Files (x86)\Microchip\xc8\v2.00\pic\include\pic18f4550.h"
   326                           T1CON equ 0FCDh ;# 
   327  0000                     # 7520 "C:\Program Files (x86)\Microchip\xc8\v2.00\pic\include\pic18f4550.h"
   328                           TMR1 equ 0FCEh ;# 
   329  0000                     # 7527 "C:\Program Files (x86)\Microchip\xc8\v2.00\pic\include\pic18f4550.h"
   330                           TMR1L equ 0FCEh ;# 
   331  0000                     # 7534 "C:\Program Files (x86)\Microchip\xc8\v2.00\pic\include\pic18f4550.h"
   332                           TMR1H equ 0FCFh ;# 
   333  0000                     # 7541 "C:\Program Files (x86)\Microchip\xc8\v2.00\pic\include\pic18f4550.h"
   334                           RCON equ 0FD0h ;# 
   335  0000                     # 7690 "C:\Program Files (x86)\Microchip\xc8\v2.00\pic\include\pic18f4550.h"
   336                           WDTCON equ 0FD1h ;# 
   337  0000                     # 7718 "C:\Program Files (x86)\Microchip\xc8\v2.00\pic\include\pic18f4550.h"
   338                           HLVDCON equ 0FD2h ;# 
   339  0000                     # 7723 "C:\Program Files (x86)\Microchip\xc8\v2.00\pic\include\pic18f4550.h"
   340                           LVDCON equ 0FD2h ;# 
   341  0000                     # 7988 "C:\Program Files (x86)\Microchip\xc8\v2.00\pic\include\pic18f4550.h"
   342                           OSCCON equ 0FD3h ;# 
   343  0000                     # 8071 "C:\Program Files (x86)\Microchip\xc8\v2.00\pic\include\pic18f4550.h"
   344                           T0CON equ 0FD5h ;# 
   345  0000                     # 8141 "C:\Program Files (x86)\Microchip\xc8\v2.00\pic\include\pic18f4550.h"
   346                           TMR0 equ 0FD6h ;# 
   347  0000                     # 8148 "C:\Program Files (x86)\Microchip\xc8\v2.00\pic\include\pic18f4550.h"
   348                           TMR0L equ 0FD6h ;# 
   349  0000                     # 8155 "C:\Program Files (x86)\Microchip\xc8\v2.00\pic\include\pic18f4550.h"
   350                           TMR0H equ 0FD7h ;# 
   351  0000                     # 8162 "C:\Program Files (x86)\Microchip\xc8\v2.00\pic\include\pic18f4550.h"
   352                           STATUS equ 0FD8h ;# 
   353  0000                     # 8233 "C:\Program Files (x86)\Microchip\xc8\v2.00\pic\include\pic18f4550.h"
   354                           FSR2 equ 0FD9h ;# 
   355  0000                     # 8240 "C:\Program Files (x86)\Microchip\xc8\v2.00\pic\include\pic18f4550.h"
   356                           FSR2L equ 0FD9h ;# 
   357  0000                     # 8247 "C:\Program Files (x86)\Microchip\xc8\v2.00\pic\include\pic18f4550.h"
   358                           FSR2H equ 0FDAh ;# 
   359  0000                     # 8254 "C:\Program Files (x86)\Microchip\xc8\v2.00\pic\include\pic18f4550.h"
   360                           PLUSW2 equ 0FDBh ;# 
   361  0000                     # 8261 "C:\Program Files (x86)\Microchip\xc8\v2.00\pic\include\pic18f4550.h"
   362                           PREINC2 equ 0FDCh ;# 
   363  0000                     # 8268 "C:\Program Files (x86)\Microchip\xc8\v2.00\pic\include\pic18f4550.h"
   364                           POSTDEC2 equ 0FDDh ;# 
   365  0000                     # 8275 "C:\Program Files (x86)\Microchip\xc8\v2.00\pic\include\pic18f4550.h"
   366                           POSTINC2 equ 0FDEh ;# 
   367  0000                     # 8282 "C:\Program Files (x86)\Microchip\xc8\v2.00\pic\include\pic18f4550.h"
   368                           INDF2 equ 0FDFh ;# 
   369  0000                     # 8289 "C:\Program Files (x86)\Microchip\xc8\v2.00\pic\include\pic18f4550.h"
   370                           BSR equ 0FE0h ;# 
   371  0000                     # 8296 "C:\Program Files (x86)\Microchip\xc8\v2.00\pic\include\pic18f4550.h"
   372                           FSR1 equ 0FE1h ;# 
   373  0000                     # 8303 "C:\Program Files (x86)\Microchip\xc8\v2.00\pic\include\pic18f4550.h"
   374                           FSR1L equ 0FE1h ;# 
   375  0000                     # 8310 "C:\Program Files (x86)\Microchip\xc8\v2.00\pic\include\pic18f4550.h"
   376                           FSR1H equ 0FE2h ;# 
   377  0000                     # 8317 "C:\Program Files (x86)\Microchip\xc8\v2.00\pic\include\pic18f4550.h"
   378                           PLUSW1 equ 0FE3h ;# 
   379  0000                     # 8324 "C:\Program Files (x86)\Microchip\xc8\v2.00\pic\include\pic18f4550.h"
   380                           PREINC1 equ 0FE4h ;# 
   381  0000                     # 8331 "C:\Program Files (x86)\Microchip\xc8\v2.00\pic\include\pic18f4550.h"
   382                           POSTDEC1 equ 0FE5h ;# 
   383  0000                     # 8338 "C:\Program Files (x86)\Microchip\xc8\v2.00\pic\include\pic18f4550.h"
   384                           POSTINC1 equ 0FE6h ;# 
   385  0000                     # 8345 "C:\Program Files (x86)\Microchip\xc8\v2.00\pic\include\pic18f4550.h"
   386                           INDF1 equ 0FE7h ;# 
   387  0000                     # 8352 "C:\Program Files (x86)\Microchip\xc8\v2.00\pic\include\pic18f4550.h"
   388                           WREG equ 0FE8h ;# 
   389  0000                     # 8359 "C:\Program Files (x86)\Microchip\xc8\v2.00\pic\include\pic18f4550.h"
   390                           FSR0 equ 0FE9h ;# 
   391  0000                     # 8366 "C:\Program Files (x86)\Microchip\xc8\v2.00\pic\include\pic18f4550.h"
   392                           FSR0L equ 0FE9h ;# 
   393  0000                     # 8373 "C:\Program Files (x86)\Microchip\xc8\v2.00\pic\include\pic18f4550.h"
   394                           FSR0H equ 0FEAh ;# 
   395  0000                     # 8380 "C:\Program Files (x86)\Microchip\xc8\v2.00\pic\include\pic18f4550.h"
   396                           PLUSW0 equ 0FEBh ;# 
   397  0000                     # 8387 "C:\Program Files (x86)\Microchip\xc8\v2.00\pic\include\pic18f4550.h"
   398                           PREINC0 equ 0FECh ;# 
   399  0000                     # 8394 "C:\Program Files (x86)\Microchip\xc8\v2.00\pic\include\pic18f4550.h"
   400                           POSTDEC0 equ 0FEDh ;# 
   401  0000                     # 8401 "C:\Program Files (x86)\Microchip\xc8\v2.00\pic\include\pic18f4550.h"
   402                           POSTINC0 equ 0FEEh ;# 
   403  0000                     # 8408 "C:\Program Files (x86)\Microchip\xc8\v2.00\pic\include\pic18f4550.h"
   404                           INDF0 equ 0FEFh ;# 
   405  0000                     # 8415 "C:\Program Files (x86)\Microchip\xc8\v2.00\pic\include\pic18f4550.h"
   406                           INTCON3 equ 0FF0h ;# 
   407  0000                     # 8507 "C:\Program Files (x86)\Microchip\xc8\v2.00\pic\include\pic18f4550.h"
   408                           INTCON2 equ 0FF1h ;# 
   409  0000                     # 8584 "C:\Program Files (x86)\Microchip\xc8\v2.00\pic\include\pic18f4550.h"
   410                           INTCON equ 0FF2h ;# 
   411  0000                     # 8701 "C:\Program Files (x86)\Microchip\xc8\v2.00\pic\include\pic18f4550.h"
   412                           PROD equ 0FF3h ;# 
   413  0000                     # 8708 "C:\Program Files (x86)\Microchip\xc8\v2.00\pic\include\pic18f4550.h"
   414                           PRODL equ 0FF3h ;# 
   415  0000                     # 8715 "C:\Program Files (x86)\Microchip\xc8\v2.00\pic\include\pic18f4550.h"
   416                           PRODH equ 0FF4h ;# 
   417  0000                     # 8722 "C:\Program Files (x86)\Microchip\xc8\v2.00\pic\include\pic18f4550.h"
   418                           TABLAT equ 0FF5h ;# 
   419  0000                     # 8731 "C:\Program Files (x86)\Microchip\xc8\v2.00\pic\include\pic18f4550.h"
   420                           TBLPTR equ 0FF6h ;# 
   421  0000                     # 8738 "C:\Program Files (x86)\Microchip\xc8\v2.00\pic\include\pic18f4550.h"
   422                           TBLPTRL equ 0FF6h ;# 
   423  0000                     # 8745 "C:\Program Files (x86)\Microchip\xc8\v2.00\pic\include\pic18f4550.h"
   424                           TBLPTRH equ 0FF7h ;# 
   425  0000                     # 8752 "C:\Program Files (x86)\Microchip\xc8\v2.00\pic\include\pic18f4550.h"
   426                           TBLPTRU equ 0FF8h ;# 
   427  0000                     # 8761 "C:\Program Files (x86)\Microchip\xc8\v2.00\pic\include\pic18f4550.h"
   428                           PCLAT equ 0FF9h ;# 
   429  0000                     # 8768 "C:\Program Files (x86)\Microchip\xc8\v2.00\pic\include\pic18f4550.h"
   430                           PC equ 0FF9h ;# 
   431  0000                     # 8775 "C:\Program Files (x86)\Microchip\xc8\v2.00\pic\include\pic18f4550.h"
   432                           PCL equ 0FF9h ;# 
   433  0000                     # 8782 "C:\Program Files (x86)\Microchip\xc8\v2.00\pic\include\pic18f4550.h"
   434                           PCLATH equ 0FFAh ;# 
   435  0000                     # 8789 "C:\Program Files (x86)\Microchip\xc8\v2.00\pic\include\pic18f4550.h"
   436                           PCLATU equ 0FFBh ;# 
   437  0000                     # 8796 "C:\Program Files (x86)\Microchip\xc8\v2.00\pic\include\pic18f4550.h"
   438                           STKPTR equ 0FFCh ;# 
   439  0000                     # 8872 "C:\Program Files (x86)\Microchip\xc8\v2.00\pic\include\pic18f4550.h"
   440                           TOS equ 0FFDh ;# 
   441  0000                     # 8879 "C:\Program Files (x86)\Microchip\xc8\v2.00\pic\include\pic18f4550.h"
   442                           TOSL equ 0FFDh ;# 
   443  0000                     # 8886 "C:\Program Files (x86)\Microchip\xc8\v2.00\pic\include\pic18f4550.h"
   444                           TOSH equ 0FFEh ;# 
   445  0000                     # 8893 "C:\Program Files (x86)\Microchip\xc8\v2.00\pic\include\pic18f4550.h"
   446                           TOSU equ 0FFFh ;# 
   447  0000                     	FNROOT	_main
   448                           	global	_LATDbits
   449                           _LATDbits	set	0xF8C
   450  0000                     	global	_PORTBbits
   451                           _PORTBbits	set	0xF81
   452  0000                     	global	_TRISBbits
   453                           _TRISBbits	set	0xF93
   454  0000                     	global	_TRISDbits
   455                           _TRISDbits	set	0xF95
   456  0000                     ; #config settings
   457                           global __CFG_PLLDIV$1
   458                           __CFG_PLLDIV$1 equ 0x0
   459  0000                     global __CFG_CPUDIV$OSC1_PLL2
   460                           __CFG_CPUDIV$OSC1_PLL2 equ 0x0
   461  0000                     global __CFG_USBDIV$1
   462                           __CFG_USBDIV$1 equ 0x0
   463  0000                     global __CFG_FOSC$HS
   464                           __CFG_FOSC$HS equ 0x0
   465  0000                     global __CFG_FCMEN$OFF
   466                           __CFG_FCMEN$OFF equ 0x0
   467  0000                     global __CFG_IESO$OFF
   468                           __CFG_IESO$OFF equ 0x0
   469  0000                     global __CFG_PWRT$ON
   470                           __CFG_PWRT$ON equ 0x0
   471  0000                     global __CFG_BOR$OFF
   472                           __CFG_BOR$OFF equ 0x0
   473  0000                     global __CFG_BORV$3
   474                           __CFG_BORV$3 equ 0x0
   475  0000                     global __CFG_VREGEN$OFF
   476                           __CFG_VREGEN$OFF equ 0x0
   477  0000                     global __CFG_WDT$OFF
   478                           __CFG_WDT$OFF equ 0x0
   479  0000                     global __CFG_WDTPS$32768
   480                           __CFG_WDTPS$32768 equ 0x0
   481  0000                     global __CFG_CCP2MX$ON
   482                           __CFG_CCP2MX$ON equ 0x0
   483  0000                     global __CFG_PBADEN$OFF
   484                           __CFG_PBADEN$OFF equ 0x0
   485  0000                     global __CFG_LPT1OSC$OFF
   486                           __CFG_LPT1OSC$OFF equ 0x0
   487  0000                     global __CFG_MCLRE$OFF
   488                           __CFG_MCLRE$OFF equ 0x0
   489  0000                     global __CFG_STVREN$ON
   490                           __CFG_STVREN$ON equ 0x0
   491  0000                     global __CFG_LVP$OFF
   492                           __CFG_LVP$OFF equ 0x0
   493  0000                     global __CFG_ICPRT$OFF
   494                           __CFG_ICPRT$OFF equ 0x0
   495  0000                     global __CFG_XINST$OFF
   496                           __CFG_XINST$OFF equ 0x0
   497  0000                     global __CFG_CP0$OFF
   498                           __CFG_CP0$OFF equ 0x0
   499  0000                     global __CFG_CP1$OFF
   500                           __CFG_CP1$OFF equ 0x0
   501  0000                     global __CFG_CP2$OFF
   502                           __CFG_CP2$OFF equ 0x0
   503  0000                     global __CFG_CP3$OFF
   504                           __CFG_CP3$OFF equ 0x0
   505  0000                     global __CFG_CPB$OFF
   506                           __CFG_CPB$OFF equ 0x0
   507  0000                     global __CFG_CPD$OFF
   508                           __CFG_CPD$OFF equ 0x0
   509  0000                     global __CFG_WRT0$OFF
   510                           __CFG_WRT0$OFF equ 0x0
   511  0000                     global __CFG_WRT1$OFF
   512                           __CFG_WRT1$OFF equ 0x0
   513  0000                     global __CFG_WRT2$OFF
   514                           __CFG_WRT2$OFF equ 0x0
   515  0000                     global __CFG_WRT3$OFF
   516                           __CFG_WRT3$OFF equ 0x0
   517  0000                     global __CFG_WRTC$OFF
   518                           __CFG_WRTC$OFF equ 0x0
   519  0000                     global __CFG_WRTB$OFF
   520                           __CFG_WRTB$OFF equ 0x0
   521  0000                     global __CFG_WRTD$OFF
   522                           __CFG_WRTD$OFF equ 0x0
   523  0000                     global __CFG_EBTR0$OFF
   524                           __CFG_EBTR0$OFF equ 0x0
   525  0000                     global __CFG_EBTR1$OFF
   526                           __CFG_EBTR1$OFF equ 0x0
   527  0000                     global __CFG_EBTR2$OFF
   528                           __CFG_EBTR2$OFF equ 0x0
   529  0000                     global __CFG_EBTR3$OFF
   530                           __CFG_EBTR3$OFF equ 0x0
   531  0000                     global __CFG_EBTRB$OFF
   532                           __CFG_EBTRB$OFF equ 0x0
   533  0000                     	file	"C:\Users\UTNC\AppData\Local\Temp\scro."
   534                           	line	#
   535                           psect	cinit,class=CODE,delta=1,reloc=2
   536                           global __pcinit
   537                           __pcinit:
   538  007F82                     global start_initialization
   539                           start_initialization:
   540  007F82                     
   541                           global __initialization
   542                           __initialization:
   543  007F82                     psect cinit,class=CODE,delta=1
   544                           global end_of_initialization,__end_of__initialization
   545                           
   546                           ;End of C runtime variable initialization code
   547                           
   548                           end_of_initialization:
   549  007F82                     __end_of__initialization:
   550  007F82                     movlb 0
   551  007F82  0100               goto _main	;jump to C main() function
   552  007F84  EFC4  F03F         psect	cstackCOMRAM,class=COMRAM,space=1,noexec
   553                           global __pcstackCOMRAM
   554                           __pcstackCOMRAM:
   555  000000                     ??_main:	; 1 bytes @ 0x0
   556  000000                     ?_main:	; 2 bytes @ 0x0
   557  000000                     ;!
   558                           ;!Data Sizes:
   559                           ;!    Strings     0
   560                           ;!    Constant    0
   561                           ;!    Data        0
   562                           ;!    BSS         0
   563                           ;!    Persistent  0
   564                           ;!    Stack       0
   565                           ;!
   566                           ;!Auto Spaces:
   567                           ;!    Space          Size  Autos    Used
   568                           ;!    COMRAM           95      0       0
   569                           ;!    BANK0           160      0       0
   570                           ;!    BANK1           256      0       0
   571                           ;!    BANK2           256      0       0
   572                           ;!    BANK3           256      0       0
   573                           ;!    BANK4           256      0       0
   574                           ;!    BANK5           256      0       0
   575                           ;!    BANK6           256      0       0
   576                           ;!    BANK7           256      0       0
   577                           
   578                           ;!
   579                           ;!Pointer List with Targets:
   580                           ;!
   581                           ;!    None.
   582                           
   583                           
   584                           ;!
   585                           ;!Critical Paths under _main in COMRAM
   586                           ;!
   587                           ;!    None.
   588                           ;!
   589                           ;!Critical Paths under _main in BANK0
   590                           ;!
   591                           ;!    None.
   592                           ;!
   593                           ;!Critical Paths under _main in BANK1
   594                           ;!
   595                           ;!    None.
   596                           ;!
   597                           ;!Critical Paths under _main in BANK2
   598                           ;!
   599                           ;!    None.
   600                           ;!
   601                           ;!Critical Paths under _main in BANK3
   602                           ;!
   603                           ;!    None.
   604                           ;!
   605                           ;!Critical Paths under _main in BANK4
   606                           ;!
   607                           ;!    None.
   608                           ;!
   609                           ;!Critical Paths under _main in BANK5
   610                           ;!
   611                           ;!    None.
   612                           ;!
   613                           ;!Critical Paths under _main in BANK6
   614                           ;!
   615                           ;!    None.
   616                           ;!
   617                           ;!Critical Paths under _main in BANK7
   618                           ;!
   619                           ;!    None.
   620                           
   621 ;;
   622 ;;Main: autosize = 0, tempsize = 0, incstack = 0, save=0
   623 ;;
   624                           
   625                           ;!
   626                           ;!Call Graph Tables:
   627                           ;!
   628                           ;! ---------------------------------------------------------------------------------
   629                           ;! (Depth) Function   	        Calls       Base Space   Used Autos Params    Refs
   630                           ;! ---------------------------------------------------------------------------------
   631                           ;! (0) _main                                                 0     0      0       0
   632                           ;! ---------------------------------------------------------------------------------
   633                           ;! Estimated maximum stack depth 0
   634                           ;! ---------------------------------------------------------------------------------
   635                           ;!
   636                           ;! Call Graph Graphs:
   637                           ;!
   638                           ;! _main (ROOT)
   639                           ;!
   640                           
   641                           ;! Address spaces:
   642                           
   643                           ;!Name               Size   Autos  Total    Cost      Usage
   644                           ;!BITCOMRAM           5F      0       0       0        0.0%
   645                           ;!EEDATA             100      0       0       0        0.0%
   646                           ;!NULL                 0      0       0       0        0.0%
   647                           ;!CODE                 0      0       0       0        0.0%
   648                           ;!COMRAM              5F      0       0       1        0.0%
   649                           ;!STACK                0      0       0       2        0.0%
   650                           ;!DATA                 0      0       0       3        0.0%
   651                           ;!BITBANK0            A0      0       0       4        0.0%
   652                           ;!BANK0               A0      0       0       5        0.0%
   653                           ;!BITBANK1           100      0       0       6        0.0%
   654                           ;!BANK1              100      0       0       7        0.0%
   655                           ;!BITBANK2           100      0       0       8        0.0%
   656                           ;!BANK2              100      0       0       9        0.0%
   657                           ;!BITBANK3           100      0       0      10        0.0%
   658                           ;!BANK3              100      0       0      11        0.0%
   659                           ;!BITBANK4           100      0       0      12        0.0%
   660                           ;!BANK4              100      0       0      13        0.0%
   661                           ;!BITBANK5           100      0       0      14        0.0%
   662                           ;!BANK5              100      0       0      15        0.0%
   663                           ;!BITBANK6           100      0       0      16        0.0%
   664                           ;!BANK6              100      0       0      17        0.0%
   665                           ;!BITBANK7           100      0       0      18        0.0%
   666                           ;!BANK7              100      0       0      19        0.0%
   667                           ;!ABS                  0      0       0      20        0.0%
   668                           ;!BIGRAM             7FF      0       0      21        0.0%
   669                           ;!BITSFR               0      0       0     200        0.0%
   670                           ;!SFR                  0      0       0     200        0.0%
   671                           
   672                           	global	_main
   673                           
   674 ;; *************** function _main *****************
   675 ;; Defined at:
   676 ;;		line 5 in file "Entradas_Salidas.c"
   677 ;; Parameters:    Size  Location     Type
   678 ;;		None
   679 ;; Auto vars:     Size  Location     Type
   680 ;;		None
   681 ;; Return value:  Size  Location     Type
   682 ;;                  2   12[None  ] int 
   683 ;; Registers used:
   684 ;;		None
   685 ;; Tracked objects:
   686 ;;		On entry : 0/0
   687 ;;		On exit  : 0/0
   688 ;;		Unchanged: 0/0
   689 ;; Data sizes:     COMRAM   BANK0   BANK1   BANK2   BANK3   BANK4   BANK5   BANK6   BANK7
   690 ;;      Params:         0       0       0       0       0       0       0       0       0
   691 ;;      Locals:         0       0       0       0       0       0       0       0       0
   692 ;;      Temps:          0       0       0       0       0       0       0       0       0
   693 ;;      Totals:         0       0       0       0       0       0       0       0       0
   694 ;;Total ram usage:        0 bytes
   695 ;; This function calls:
   696 ;;		Nothing
   697 ;; This function is called by:
   698 ;;		Startup code after reset
   699 ;; This function uses a non-reentrant model
   700 ;;
   701                           psect	text0,class=CODE,space=0,reloc=2,group=0
   702                           	file	"Entradas_Salidas.c"
   703                           	line	5
   704                           global __ptext0
   705                           __ptext0:
   706  007F88                     psect	text0
   707                           	file	"Entradas_Salidas.c"
   708                           	line	5
   709                           	global	__size_of_main
   710                           	__size_of_main	equ	__end_of_main-_main
   711  0000                     	
   712                           _main:
   713  007F88                     ;incstack = 0
   714                           	opt	stack 31
   715                           	line	7
   716                           	
   717                           l700:
   718  007F88                     ;Entradas_Salidas.c: 7:     TRISDbits.TRISD7 = 0;
   719                           	bcf	((c:3989)),c,7	;volatile
   720  007F88  9E95               	line	8
   721                           ;Entradas_Salidas.c: 8:     TRISDbits.TRISD6 = 0;
   722                           	bcf	((c:3989)),c,6	;volatile
   723  007F8A  9C95               	line	9
   724                           ;Entradas_Salidas.c: 9:     TRISDbits.TRISD5 = 0;
   725                           	bcf	((c:3989)),c,5	;volatile
   726  007F8C  9A95               	line	10
   727                           ;Entradas_Salidas.c: 10:     TRISDbits.TRISD4 = 0;
   728                           	bcf	((c:3989)),c,4	;volatile
   729  007F8E  9895               	line	12
   730                           ;Entradas_Salidas.c: 12:     TRISBbits.TRISB7 = 1;
   731                           	bsf	((c:3987)),c,7	;volatile
   732  007F90  8E93               	line	13
   733                           ;Entradas_Salidas.c: 13:     TRISBbits.TRISB6 = 1;
   734                           	bsf	((c:3987)),c,6	;volatile
   735  007F92  8C93               	line	14
   736                           ;Entradas_Salidas.c: 14:     TRISBbits.TRISB5 = 1;
   737                           	bsf	((c:3987)),c,5	;volatile
   738  007F94  8A93               	line	15
   739                           ;Entradas_Salidas.c: 15:     TRISBbits.TRISB4 = 1;
   740                           	bsf	((c:3987)),c,4	;volatile
   741  007F96  8893               	line	16
   742                           ;Entradas_Salidas.c: 16:     while (1) {
   743                           	
   744                           l13:
   745  007F98                     	line	17
   746                           ;Entradas_Salidas.c: 17:         if(!PORTBbits.RB4){LATDbits.LATD4=1;}else{LATDbits.LATD
                                 4=0;}
   747                           	btfsc	((c:3969)),c,4	;volatile
   748  007F98  B881               	goto	u11
   749  007F9A  EFD1  F03F         	goto	u10
   750  007F9E  EFD3  F03F         u11:
   751  007FA2                     	goto	l14
   752  007FA2  EFD6  F03F         u10:
   753  007FA6                     	
   754                           l702:
   755  007FA6                     	bsf	((c:3980)),c,4	;volatile
   756  007FA6  888C               	goto	l15
   757  007FA8  EFD7  F03F         	
   758                           l14:
   759  007FAC                     	bcf	((c:3980)),c,4	;volatile
   760  007FAC  988C               	
   761                           l15:
   762  007FAE                     	line	18
   763                           ;Entradas_Salidas.c: 18:         if(!PORTBbits.RB5){LATDbits.LATD5=1;}else{LATDbits.LATD
                                 5=0;}
   764                           	btfsc	((c:3969)),c,5	;volatile
   765  007FAE  BA81               	goto	u21
   766  007FB0  EFDC  F03F         	goto	u20
   767  007FB4  EFDE  F03F         u21:
   768  007FB8                     	goto	l16
   769  007FB8  EFE1  F03F         u20:
   770  007FBC                     	
   771                           l704:
   772  007FBC                     	bsf	((c:3980)),c,5	;volatile
   773  007FBC  8A8C               	goto	l17
   774  007FBE  EFE2  F03F         	
   775                           l16:
   776  007FC2                     	bcf	((c:3980)),c,5	;volatile
   777  007FC2  9A8C               	
   778                           l17:
   779  007FC4                     	line	19
   780                           ;Entradas_Salidas.c: 19:         if(!PORTBbits.RB6){LATDbits.LATD6=1;}else{LATDbits.LATD
                                 6=0;}
   781                           	btfsc	((c:3969)),c,6	;volatile
   782  007FC4  BC81               	goto	u31
   783  007FC6  EFE7  F03F         	goto	u30
   784  007FCA  EFE9  F03F         u31:
   785  007FCE                     	goto	l18
   786  007FCE  EFEC  F03F         u30:
   787  007FD2                     	
   788                           l706:
   789  007FD2                     	bsf	((c:3980)),c,6	;volatile
   790  007FD2  8C8C               	goto	l19
   791  007FD4  EFED  F03F         	
   792                           l18:
   793  007FD8                     	bcf	((c:3980)),c,6	;volatile
   794  007FD8  9C8C               	
   795                           l19:
   796  007FDA                     	line	20
   797                           ;Entradas_Salidas.c: 20:         if(!PORTBbits.RB7){LATDbits.LATD7=1;}else{LATDbits.LATD
                                 7=0;}
   798                           	btfsc	((c:3969)),c,7	;volatile
   799  007FDA  BE81               	goto	u41
   800  007FDC  EFF2  F03F         	goto	u40
   801  007FE0  EFF4  F03F         u41:
   802  007FE4                     	goto	l20
   803  007FE4  EFF7  F03F         u40:
   804  007FE8                     	
   805                           l708:
   806  007FE8                     	bsf	((c:3980)),c,7	;volatile
   807  007FE8  8E8C               	goto	l13
   808  007FEA  EFCC  F03F         	
   809                           l20:
   810  007FEE                     	bcf	((c:3980)),c,7	;volatile
   811  007FEE  9E8C               	goto	l13
   812  007FF0  EFCC  F03F         	
   813                           l21:
   814  007FF4                     	goto	l13
   815  007FF4  EFCC  F03F         	line	21
   816                           ;Entradas_Salidas.c: 21:     }
   817                           	
   818                           l22:
   819  007FF8                     	goto	l13
   820  007FF8  EFCC  F03F         	
   821                           l23:
   822  007FFC                     	line	23
   823                           ;Entradas_Salidas.c: 22:     return 1;;	Return value of _main is never used
   824                           	
   825                           l24:
   826  007FFC                     	global	start
   827                           	goto	start
   828  007FFC  EF00  F000         	opt stack 0
   829                           GLOBAL	__end_of_main
   830                           	__end_of_main:
   831  008000                     	signat	_main,90
   832                           	GLOBAL	__activetblptr
   833                           __activetblptr	EQU	0
   834  0000                     	psect	intsave_regs,class=BIGRAM,space=1,noexec
   835                           	PSECT	rparam,class=COMRAM,space=1,noexec
   836                           	GLOBAL	__Lrparam
   837                           	FNCONF	rparam,??,?
   838                           	GLOBAL	___rparam_used
   839                           	___rparam_used EQU 1
   840  0000                     	GLOBAL	___param_bank
   841                           	___param_bank EQU 0
   842  0000                     GLOBAL	__Lparam, __Hparam
   843                           GLOBAL	__Lrparam, __Hrparam
   844                           __Lparam	EQU	__Lrparam
   845  0000                     __Hparam	EQU	__Hrparam
   846  0000                     	end


Data Sizes:
    Strings     0
    Constant    0
    Data        0
    BSS         0
    Persistent  0
    Stack       0

Auto Spaces:
    Space          Size  Autos    Used
    COMRAM           95      0       0
    BANK0           160      0       0
    BANK1           256      0       0
    BANK2           256      0       0
    BANK3           256      0       0
    BANK4           256      0       0
    BANK5           256      0       0
    BANK6           256      0       0
    BANK7           256      0       0

Pointer List with Targets:

    None.

Critical Paths under _main in COMRAM

    None.

Critical Paths under _main in BANK0

    None.

Critical Paths under _main in BANK1

    None.

Critical Paths under _main in BANK2

    None.

Critical Paths under _main in BANK3

    None.

Critical Paths under _main in BANK4

    None.

Critical Paths under _main in BANK5

    None.

Critical Paths under _main in BANK6

    None.

Critical Paths under _main in BANK7

    None.

Call Graph Tables:

 ---------------------------------------------------------------------------------
 (Depth) Function   	        Calls       Base Space   Used Autos Params    Refs
 ---------------------------------------------------------------------------------
 (0) _main                                                 0     0      0       0
 ---------------------------------------------------------------------------------
 Estimated maximum stack depth 0
 ---------------------------------------------------------------------------------

 Call Graph Graphs:

 _main (ROOT)

 Address spaces:
Name               Size   Autos  Total    Cost      Usage
BITCOMRAM           5F      0       0       0        0.0%
EEDATA             100      0       0       0        0.0%
NULL                 0      0       0       0        0.0%
CODE                 0      0       0       0        0.0%
COMRAM              5F      0       0       1        0.0%
STACK                0      0       0       2        0.0%
DATA                 0      0       0       3        0.0%
BITBANK0            A0      0       0       4        0.0%
BANK0               A0      0       0       5        0.0%
BITBANK1           100      0       0       6        0.0%
BANK1              100      0       0       7        0.0%
BITBANK2           100      0       0       8        0.0%
BANK2              100      0       0       9        0.0%
BITBANK3           100      0       0      10        0.0%
BANK3              100      0       0      11        0.0%
BITBANK4           100      0       0      12        0.0%
BANK4              100      0       0      13        0.0%
BITBANK5           100      0       0      14        0.0%
BANK5              100      0       0      15        0.0%
BITBANK6           100      0       0      16        0.0%
BANK6              100      0       0      17        0.0%
BITBANK7           100      0       0      18        0.0%
BANK7              100      0       0      19        0.0%
ABS                  0      0       0      20        0.0%
BIGRAM             7FF      0       0      21        0.0%
BITSFR               0      0       0     200        0.0%
SFR                  0      0       0     200        0.0%


Microchip Technology PIC18 Macro Assembler V2.00 build -1524193055 
Symbol Table                                                                                   Tue Jul 17 10:36:45 2018

                     l20 7FEE                       l21 7FF4                       l13 7F98  
                     l22 7FF8                       l14 7FAC                       l23 7FFC  
                     l15 7FAE                       l24 7FFC                       l16 7FC2  
                     l17 7FC4                       l18 7FD8                       l19 7FDA  
                     u10 7FA6                       u11 7FA2                       u20 7FBC  
                     u21 7FB8                       u30 7FD2                       u31 7FCE  
                     u40 7FE8                       u41 7FE4              __CFG_BORV$3 000000  
           __CFG_CP0$OFF 000000             __CFG_CP1$OFF 000000             __CFG_CP2$OFF 000000  
           __CFG_CP3$OFF 000000                      l700 7F88                      l702 7FA6  
                    l704 7FBC                      l706 7FD2                      l708 7FE8  
           __CFG_CPB$OFF 000000             __CFG_CPD$OFF 000000             __CFG_BOR$OFF 000000  
           __CFG_FOSC$HS 000000             __CFG_LVP$OFF 000000             __CFG_WDT$OFF 000000  
           __CFG_PWRT$ON 000000                     _main 7F88                     start 0000  
          __CFG_IESO$OFF 000000             ___param_bank 000000            __CFG_PLLDIV$1 000000  
         __CFG_CCP2MX$ON 000000                    ?_main 0000            __CFG_USBDIV$1 000000  
          __CFG_WRT0$OFF 000000            __CFG_WRT1$OFF 000000            __CFG_WRT2$OFF 000000  
          __CFG_WRT3$OFF 000000           __CFG_EBTR0$OFF 000000           __CFG_FCMEN$OFF 000000  
         __CFG_EBTR1$OFF 000000           __CFG_EBTR2$OFF 000000           __CFG_EBTR3$OFF 000000  
          __CFG_WRTB$OFF 000000            __CFG_WRTC$OFF 000000            __CFG_WRTD$OFF 000000  
         __CFG_EBTRB$OFF 000000           __CFG_ICPRT$OFF 000000           __CFG_MCLRE$OFF 000000  
        __initialization 7F82             __end_of_main 8000                   ??_main 0000  
          __activetblptr 000000           __CFG_XINST$OFF 000000           __CFG_STVREN$ON 000000  
             __accesstop 0060  __end_of__initialization 7F82          __CFG_PBADEN$OFF 000000  
          ___rparam_used 000001           __pcstackCOMRAM 0000          __CFG_VREGEN$OFF 000000  
                __Hparam 0000                  __Lparam 0000                  __pcinit 7F82  
                __ramtop 0800                  __ptext0 7F88     end_of_initialization 7F82  
              _PORTBbits 000F81                _TRISBbits 000F93                _TRISDbits 000F95  
    start_initialization 7F82         __CFG_LPT1OSC$OFF 000000                 _LATDbits 000F8C  
       __CFG_WDTPS$32768 000000                 __Hrparam 0000                 __Lrparam 0000  
          __size_of_main 0078    __CFG_CPUDIV$OSC1_PLL2 000000  
